<?xml version="1.0" encoding="UTF-8"?>
<!-- Generated by org.testng.reporters.JUnitXMLReporter -->
<testsuite hostname="Vinay-PC" name="CHF Test" tests="1" failures="1" timestamp="9 Jan 2021 12:17:56 GMT" time="1.334" errors="0">
  <testcase name="feature" time="0.434" classname="com.qa.Runner.TestRunner">
    <failure type="cucumber.runtime.CucumberException" message="java.lang.NullPointerException">
      <![CDATA[cucumber.runtime.CucumberException: java.lang.NullPointerException
	at cucumber.api.testng.TestNGCucumberRunner.runCucumber(TestNGCucumberRunner.java:69)
	at com.qa.Runner.TestRunner.feature(TestRunner.java:42)
Caused by: java.lang.NullPointerException
	at com.qa.StepDefinition.LoginPageSteps.user_is_on_login_page(LoginPageSteps.java:30)
	at ✽.Given user is on login page(E:/Java Programs/CucumberHybridFM/src/test/resources/Features/login.feature:4)
... Removed 25 stack frames]]>
    </failure>
  </testcase> <!-- feature -->
</testsuite> <!-- CHF Test -->
