<?xml version="1.0" encoding="UTF-8"?>
<testng-results skipped="0" failed="1" total="1" passed="0">
  <reporter-output>
  </reporter-output>
  <suite name="BDD Test Suite" duration-ms="1334" started-at="2021-01-09T12:17:54Z" finished-at="2021-01-09T12:17:56Z">
    <groups>
      <group name="cucumber">
        <method signature="TestRunner.feature(cucumber.api.testng.CucumberFeatureWrapper)[pri:0, instance:com.qa.Runner.TestRunner@3632be31]" name="feature" class="com.qa.Runner.TestRunner"/>
      </group> <!-- cucumber -->
    </groups>
    <test name="CHF Test" duration-ms="1334" started-at="2021-01-09T12:17:54Z" finished-at="2021-01-09T12:17:56Z">
      <class name="com.qa.Runner.TestRunner">
        <test-method status="PASS" signature="setUpClass()[pri:0, instance:com.qa.Runner.TestRunner@3632be31]" name="setUpClass" is-config="true" duration-ms="603" started-at="2021-01-09T17:47:54Z" finished-at="2021-01-09T17:47:55Z">
          <reporter-output>
          </reporter-output>
        </test-method> <!-- setUpClass -->
        <test-method status="FAIL" signature="feature(cucumber.api.testng.CucumberFeatureWrapper)[pri:0, instance:com.qa.Runner.TestRunner@3632be31]" name="feature" duration-ms="434" started-at="2021-01-09T17:47:55Z" description="Runs Cucumber Feature" data-provider="features" finished-at="2021-01-09T17:47:55Z">
          <params>
            <param index="0">
              <value>
                <![CDATA[Login page Feature]]>
              </value>
            </param>
          </params>
          <exception class="cucumber.runtime.CucumberException">
            <message>
              <![CDATA[java.lang.NullPointerException]]>
            </message>
            <full-stacktrace>
              <![CDATA[cucumber.runtime.CucumberException: java.lang.NullPointerException
	at cucumber.api.testng.TestNGCucumberRunner.runCucumber(TestNGCucumberRunner.java:69)
	at com.qa.Runner.TestRunner.feature(TestRunner.java:42)
	at sun.reflect.NativeMethodAccessorImpl.invoke0(Native Method)
	at sun.reflect.NativeMethodAccessorImpl.invoke(NativeMethodAccessorImpl.java:62)
	at sun.reflect.DelegatingMethodAccessorImpl.invoke(DelegatingMethodAccessorImpl.java:43)
	at java.lang.reflect.Method.invoke(Method.java:498)
	at org.testng.internal.MethodInvocationHelper.invokeMethod(MethodInvocationHelper.java:100)
	at org.testng.internal.Invoker.invokeMethod(Invoker.java:646)
	at org.testng.internal.Invoker.invokeTestMethod(Invoker.java:811)
	at org.testng.internal.Invoker.invokeTestMethods(Invoker.java:1129)
	at org.testng.internal.TestMethodWorker.invokeTestMethods(TestMethodWorker.java:129)
	at org.testng.internal.TestMethodWorker.run(TestMethodWorker.java:112)
	at org.testng.TestRunner.privateRun(TestRunner.java:746)
	at org.testng.TestRunner.run(TestRunner.java:600)
	at org.testng.SuiteRunner.runTest(SuiteRunner.java:366)
	at org.testng.SuiteRunner.runSequentially(SuiteRunner.java:361)
	at org.testng.SuiteRunner.privateRun(SuiteRunner.java:319)
	at org.testng.SuiteRunner.run(SuiteRunner.java:268)
	at org.testng.SuiteRunnerWorker.runSuite(SuiteRunnerWorker.java:52)
	at org.testng.SuiteRunnerWorker.run(SuiteRunnerWorker.java:86)
	at org.testng.TestNG.runSuitesSequentially(TestNG.java:1264)
	at org.testng.TestNG.runSuitesLocally(TestNG.java:1189)
	at org.testng.TestNG.runSuites(TestNG.java:1104)
	at org.testng.TestNG.run(TestNG.java:1076)
	at org.testng.remote.AbstractRemoteTestNG.run(AbstractRemoteTestNG.java:126)
	at org.testng.remote.RemoteTestNG.initAndRun(RemoteTestNG.java:152)
	at org.testng.remote.RemoteTestNG.main(RemoteTestNG.java:57)
Caused by: java.lang.NullPointerException
	at com.qa.StepDefinition.LoginPageSteps.user_is_on_login_page(LoginPageSteps.java:30)
	at ✽.Given user is on login page(E:/Java Programs/CucumberHybridFM/src/test/resources/Features/login.feature:4)
]]>
            </full-stacktrace>
          </exception> <!-- cucumber.runtime.CucumberException -->
          <reporter-output>
          </reporter-output>
        </test-method> <!-- feature -->
        <test-method status="PASS" signature="tearDownClass()[pri:0, instance:com.qa.Runner.TestRunner@3632be31]" name="tearDownClass" is-config="true" duration-ms="48" started-at="2021-01-09T17:47:55Z" finished-at="2021-01-09T17:47:56Z">
          <reporter-output>
          </reporter-output>
        </test-method> <!-- tearDownClass -->
      </class> <!-- com.qa.Runner.TestRunner -->
    </test> <!-- CHF Test -->
  </suite> <!-- BDD Test Suite -->
</testng-results>
